../comm/pcommon/log/syslog-nb.cpp: In function ‘void __vsyslog_chk_nb(int, int, const char*, __va_list_tag*)’:
../comm/pcommon/log/syslog-nb.cpp:120:9: warning: variable ‘prioff’ set but not used [-Wunused-but-set-variable]
  size_t prioff, msgoff;
         ^
../comm/pcommon/log/syslog-nb.cpp: At global scope:
../comm/pcommon/log/syslog-nb.cpp:102:1: warning: ‘void __syslog_chk_nb(int, int, const char*, ...)’ defined but not used [-Wunused-function]
 __syslog_chk_nb(int pri, int flag, const char *fmt, ...)
 ^
ipdb99cj.cpp: In function ‘char* getarea(const char*)’:
ipdb99cj.cpp:371:9: warning: deprecated conversion from string constant to ‘char*’ [-Wwrite-strings]
  return "0769";
         ^
../comm/pcommon/log/CLogThread.cpp: In member function ‘int CLogThread::print(SL_Log::LOG_LEVEL, char*, ...)’:
../comm/pcommon/log/CLogThread.cpp:103:7: warning: variable ‘syslog_level’ set but not used [-Wunused-but-set-variable]
   int syslog_level = 0;
       ^
../comm/pcommon/public/utils.cpp: In member function ‘std::string Geohash::geohash_w_bin(double, double, double, int, int)’:
../comm/pcommon/public/utils.cpp:629:1: warning: control reaches end of non-void function [-Wreturn-type]
 }
 ^
../comm/pcommon/redis/redisOpt.cpp: In member function ‘int redisPipeline::getallreply(std::map<std::basic_string<char>, std::basic_string<char> >&)’:
../comm/pcommon/redis/redisOpt.cpp:2291:7: warning: variable ‘ret’ set but not used [-Wunused-but-set-variable]
   int ret = 0;
       ^
In file included from serverEvent.h:7:0,
                 from serverEvent.cpp:8:
LogicCore.h:15:26: fatal error: cryptopp/aes.h: No such file or directory
 #include <cryptopp/aes.h>
                          ^
compilation terminated.
In file included from serverEvent.h:7:0,
                 from AppDelegate.h:7,
                 from AppDelegate.cpp:1:
LogicCore.h:15:26: fatal error: cryptopp/aes.h: No such file or directory
 #include <cryptopp/aes.h>
                          ^
compilation terminated.
In file included from LogicCore.cpp:11:0:
LogicCore.h:15:26: fatal error: cryptopp/aes.h: No such file or directory
 #include <cryptopp/aes.h>
                          ^
compilation terminated.
In file included from serverEvent.h:7:0,
                 from AppDelegate.h:7,
                 from main.cpp:11:
LogicCore.h:15:26: fatal error: cryptopp/aes.h: No such file or directory
 #include <cryptopp/aes.h>
                          ^
compilation terminated.
In file included from ../comm/pcommon/redis/redisOpt.h:18:0,
                 from ../comm/pcommon/redis/redisMgr.h:14,
                 from ../comm/pcommon/redis/basic_redis.h:5,
                 from ../comm/pcommon/redis/redis_map_set_base.h:11,
                 from ../comm/pcommon/redis/redis_map_set_base.cpp:1:
../comm/lib/hiredis/adapters/libev.h:113:12: warning: ‘int redisLibevAttach(ev_loop*, redisAsyncContext*)’ defined but not used [-Wunused-function]
 static int redisLibevAttach(EV_P_ redisAsyncContext *ac) {
            ^
In file included from ../comm/pcommon/redis/redisOpt.h:18:0,
                 from ../comm/pcommon/redis/redisMgr.h:14,
                 from ../comm/pcommon/redis/redisMgr.cpp:8:
../comm/lib/hiredis/adapters/libev.h:113:12: warning: ‘int redisLibevAttach(ev_loop*, redisAsyncContext*)’ defined but not used [-Wunused-function]
 static int redisLibevAttach(EV_P_ redisAsyncContext *ac) {
            ^
In file included from ../comm/pcommon/redis/redisOpt.h:18:0,
                 from ../comm/pcommon/redis/redisMgr.h:14,
                 from ../comm/pcommon/redis/basic_redis.h:5,
                 from ../comm/pcommon/redis/redis_map_map_base.h:11,
                 from ../comm/pcommon/redis/redis_map_map_base.cpp:1:
../comm/lib/hiredis/adapters/libev.h:113:12: warning: ‘int redisLibevAttach(ev_loop*, redisAsyncContext*)’ defined but not used [-Wunused-function]
 static int redisLibevAttach(EV_P_ redisAsyncContext *ac) {
            ^
In file included from ../comm/pcommon/redis/redisOpt.h:18:0,
                 from ../comm/pcommon/redis/redisMgr.h:14,
                 from ../comm/pcommon/redis/basic_redis.h:5,
                 from ../comm/pcommon/redis/basic_redis.cpp:1:
../comm/lib/hiredis/adapters/libev.h:113:12: warning: ‘int redisLibevAttach(ev_loop*, redisAsyncContext*)’ defined but not used [-Wunused-function]
 static int redisLibevAttach(EV_P_ redisAsyncContext *ac) {
            ^
In file included from ../comm/pcommon/redis/redisOpt.h:18:0,
                 from ../comm/pcommon/redis/redisdataHelper.h:13,
                 from ../comm/pcommon/redis/redisdataHelper.cpp:7:
../comm/lib/hiredis/adapters/libev.h:113:12: warning: ‘int redisLibevAttach(ev_loop*, redisAsyncContext*)’ defined but not used [-Wunused-function]
 static int redisLibevAttach(EV_P_ redisAsyncContext *ac) {
            ^
In file included from ../comm/pcommon/room/RoomManager.h:9:0,
                 from ../comm/pcommon/room/RoomManager.cpp:8:
../comm/pcommon/public/comm_struct.h:275:2: warning: ‘typedef’ was ignored in this declaration [enabled by default]
 };
  ^
In file included from ../comm/pcommon/public/DBTools.h:10:0,
                 from ../comm/pcommon/room/GroupBasicInfo.h:9,
                 from ../comm/pcommon/room/GroupBasicInfo.cpp:1:
../comm/pcommon/public/comm_struct.h:275:2: warning: ‘typedef’ was ignored in this declaration [enabled by default]
 };
  ^
In file included from ../comm/pcommon/redis/redisOpt.h:18:0,
                 from ../comm/pcommon/redis/redisMgr.h:14,
                 from ../comm/pcommon/room/GroupBasicInfo.h:6,
                 from ../comm/pcommon/room/GroupBasicInfo.cpp:1:
../comm/lib/hiredis/adapters/libev.h:113:12: warning: ‘int redisLibevAttach(ev_loop*, redisAsyncContext*)’ defined but not used [-Wunused-function]
 static int redisLibevAttach(EV_P_ redisAsyncContext *ac) {
            ^
make: *** [serverEvent.o] Error 1
make: *** Waiting for unfinished jobs....
make: *** [LogicCore.o] Error 1
In file included from ../comm/pcommon/public/DBTools.h:10:0,
                 from ../comm/pcommon/room/CUserGroupinfo.h:9,
                 from ../comm/pcommon/room/UserObj.cpp:7:
../comm/pcommon/public/comm_struct.h:275:2: warning: ‘typedef’ was ignored in this declaration [enabled by default]
 };
  ^
make: *** [AppDelegate.o] Error 1
make: *** [main.o] Error 1
In file included from ../comm/pcommon/room/CUserBasicInfo.h:9:0,
                 from ../comm/pcommon/room/CUserBasicInfo.cpp:1:
../comm/pcommon/public/comm_struct.h:275:2: warning: ‘typedef’ was ignored in this declaration [enabled by default]
 };
  ^
In file included from ../comm/pcommon/room/RoomObj.h:11:0,
                 from ../comm/pcommon/room/RoomObj.cpp:1:
../comm/pcommon/public/comm_struct.h:275:2: warning: ‘typedef’ was ignored in this declaration [enabled by default]
 };
  ^
In file included from ../comm/pcommon/room/RoomObj.cpp:12:0:
../comm/pcommon/room/RoomManager.h:56:1: warning: ‘typedef’ was ignored in this declaration [enabled by default]
 };
 ^
In file included from ../comm/pcommon/room/RoomManager.cpp:8:0:
../comm/pcommon/room/RoomManager.h:56:1: warning: ‘typedef’ was ignored in this declaration [enabled by default]
 };
 ^
../comm/pcommon/room/RoomObj.cpp: In member function ‘int CRoomObj::delVisitUser(UserObject_Ref&, bool)’:
../comm/pcommon/room/RoomObj.cpp:368:17: warning: unused variable ‘roomkey’ [-Wunused-variable]
  char key1[64], roomkey[64], userkey[64], suserid[32];
                 ^
../comm/pcommon/room/RoomObj.cpp: In member function ‘int CRoomObj::addPubMicUser(uint32, int, int)’:
../comm/pcommon/room/RoomObj.cpp:674:7: warning: variable ‘badd’ set but not used [-Wunused-but-set-variable]
  bool badd = false;
       ^
../comm/pcommon/room/RoomObj.cpp: In member function ‘void CRoomObj::forceUserDownMic(UserObject_Ref&)’:
../comm/pcommon/room/RoomObj.cpp:842:21: warning: unused variable ‘pGateMask’ [-Wunused-variable]
  ClientGateMask_t * pGateMask = (ClientGateMask_t *)(in_msg->content);
                     ^
In file included from ../comm/pcommon/redis/redisOpt.h:18:0,
                 from ../comm/pcommon/redis/redisMgr.h:14,
                 from ../comm/pcommon/room/UserObj.h:6,
                 from ../comm/pcommon/room/UserObj.cpp:4:
../comm/lib/hiredis/adapters/libev.h:113:12: warning: ‘int redisLibevAttach(ev_loop*, redisAsyncContext*)’ defined but not used [-Wunused-function]
 static int redisLibevAttach(EV_P_ redisAsyncContext *ac) {
            ^
../comm/pcommon/room/RoomManager.cpp: In member function ‘void CRoomManager::calcTeamTopMoney(std::vector<tag_CMDTeamTopNResp>&)’:
../comm/pcommon/room/RoomManager.cpp:1447:6: warning: variable ‘errorid’ set but not used [-Wunused-but-set-variable]
  int errorid = 0;
      ^
../comm/pcommon/room/RoomObj.cpp: In member function ‘void CRoomObj::castSendMicList()’:
../comm/pcommon/room/RoomObj.cpp:3809:6: warning: unused variable ‘nMsgLen’ [-Wunused-variable]
  int nMsgLen = m_pRoomMgr->Build_NetMsg(szBuf1, 1024, MDM_Vchat_Room, Sub_Vchat_MicStateListResp, &pClientGate, respbuf, len);
      ^
In file included from ../comm/pcommon/redis/redisOpt.h:18:0,
                 from ../comm/pcommon/redis/redisMgr.h:14,
                 from ../comm/pcommon/room/CUserBasicInfo.h:6,
                 from ../comm/pcommon/room/CUserBasicInfo.cpp:1:
../comm/lib/hiredis/adapters/libev.h:113:12: warning: ‘int redisLibevAttach(ev_loop*, redisAsyncContext*)’ defined but not used [-Wunused-function]
 static int redisLibevAttach(EV_P_ redisAsyncContext *ac) {
            ^
In file included from ../comm/pcommon/public/DBTools.h:10:0,
                 from ../comm/pcommon/room/CUserGroupinfo.h:9,
                 from ../comm/pcommon/room/CUserGroupinfo.cpp:1:
../comm/pcommon/public/comm_struct.h:275:2: warning: ‘typedef’ was ignored in this declaration [enabled by default]
 };
  ^
../comm/pcommon/room/CUserGroupinfo.cpp: In static member function ‘static bool CUserGroupinfo::loadUserGroupInfo2Redis(unsigned int, unsigned int, bool*)’:
../comm/pcommon/room/CUserGroupinfo.cpp:89:1: warning: no return statement in function returning non-void [-Wreturn-type]
 }
 ^
In file included from ../comm/pcommon/public/DBTools.h:10:0,
                 from ../comm/pcommon/room/CUserGroupMgr.h:6,
                 from ../comm/pcommon/room/CUserGroupMgr.cpp:1:
../comm/pcommon/public/comm_struct.h:275:2: warning: ‘typedef’ was ignored in this declaration [enabled by default]
 };
  ^
In file included from ../comm/pcommon/redis/redisOpt.h:18:0,
                 from ../comm/pcommon/redis/redisMgr.h:14,
                 from ../comm/pcommon/room/UserObj.h:6,
                 from ../comm/pcommon/room/RoomObj.h:7,
                 from ../comm/pcommon/room/RoomManager.h:10,
                 from ../comm/pcommon/room/RoomManager.cpp:8:
../comm/lib/hiredis/adapters/libev.h: At global scope:
../comm/lib/hiredis/adapters/libev.h:113:12: warning: ‘int redisLibevAttach(ev_loop*, redisAsyncContext*)’ defined but not used [-Wunused-function]
 static int redisLibevAttach(EV_P_ redisAsyncContext *ac) {
            ^
In file included from ../comm/pcommon/redis/redisOpt.h:18:0,
                 from ../comm/pcommon/redis/redisMgr.h:14,
                 from ../comm/pcommon/room/CUserGroupinfo.h:5,
                 from ../comm/pcommon/room/CUserGroupinfo.cpp:1:
../comm/lib/hiredis/adapters/libev.h: At global scope:
../comm/lib/hiredis/adapters/libev.h:113:12: warning: ‘int redisLibevAttach(ev_loop*, redisAsyncContext*)’ defined but not used [-Wunused-function]
 static int redisLibevAttach(EV_P_ redisAsyncContext *ac) {
            ^
In file included from ../comm/pcommon/room/CUserGroupMgr.h:7:0,
                 from ../comm/pcommon/room/CUserGroupMgr.cpp:1:
../comm/pcommon/room/RoomManager.h:56:1: warning: ‘typedef’ was ignored in this declaration [enabled by default]
 };
 ^
In file included from ../comm/pcommon/redis/redisOpt.h:18:0,
                 from ../comm/pcommon/redis/redisMgr.h:14,
                 from ../comm/pcommon/room/UserObj.h:6,
                 from ../comm/pcommon/room/RoomObj.h:7,
                 from ../comm/pcommon/room/RoomObj.cpp:1:
../comm/lib/hiredis/adapters/libev.h: At global scope:
../comm/lib/hiredis/adapters/libev.h:113:12: warning: ‘int redisLibevAttach(ev_loop*, redisAsyncContext*)’ defined but not used [-Wunused-function]
 static int redisLibevAttach(EV_P_ redisAsyncContext *ac) {
            ^
In file included from ../comm/pcommon/redis/redisOpt.h:18:0,
                 from ../comm/pcommon/redis/redisMgr.h:14,
                 from ../comm/pcommon/room/CUserGroupMgr.h:4,
                 from ../comm/pcommon/room/CUserGroupMgr.cpp:1:
../comm/lib/hiredis/adapters/libev.h:113:12: warning: ‘int redisLibevAttach(ev_loop*, redisAsyncContext*)’ defined but not used [-Wunused-function]
 static int redisLibevAttach(EV_P_ redisAsyncContext *ac) {
            ^
